have_header: checking for vm_core.h... -------------------- no

"clang -o conftest -I/Users/taniguchitakayasu/.rbenv/versions/2.5.1/include/ruby-2.5.0/x86_64-darwin19 -I/Users/taniguchitakayasu/.rbenv/versions/2.5.1/include/ruby-2.5.0/ruby/backward -I/Users/taniguchitakayasu/.rbenv/versions/2.5.1/include/ruby-2.5.0 -I. -I/Users/taniguchitakayasu/.rbenv/sources/2.5.1/ruby-2.5.1 -I/Users/taniguchitakayasu/.rbenv/versions/2.5.1/include  -D_XOPEN_SOURCE -D_DARWIN_C_SOURCE -D_DARWIN_UNLIMITED_SELECT -D_REENTRANT   -O3 -ggdb3 -Wall -Wextra -Wno-unused-parameter -Wno-parentheses -Wno-long-long -Wno-missing-field-initializers -Wno-tautological-compare -Wno-parentheses-equality -Wno-constant-logical-operand -Wno-self-assign -Wunused-variable -Wimplicit-int -Wpointer-arith -Wwrite-strings -Wdeclaration-after-statement -Wshorten-64-to-32 -Wimplicit-function-declaration -Wdivision-by-zero -Wdeprecated-declarations -Wextra-tokens  -fno-common -pipe conftest.c  -L. -L/Users/taniguchitakayasu/.rbenv/versions/2.5.1/lib -L. -L/Users/taniguchitakayasu/.rbenv/versions/2.5.1/lib  -fstack-protector -L/usr/local/lib     -lruby.2.5.1  -lpthread -ldl -lobjc "
checked program was:
/* begin */
1: #include "ruby.h"
2: 
3: int main(int argc, char **argv)
4: {
5:   return 0;
6: }
/* end */

"clang -E -I/Users/taniguchitakayasu/.rbenv/versions/2.5.1/include/ruby-2.5.0/x86_64-darwin19 -I/Users/taniguchitakayasu/.rbenv/versions/2.5.1/include/ruby-2.5.0/ruby/backward -I/Users/taniguchitakayasu/.rbenv/versions/2.5.1/include/ruby-2.5.0 -I. -I/Users/taniguchitakayasu/.rbenv/sources/2.5.1/ruby-2.5.1 -I/Users/taniguchitakayasu/.rbenv/versions/2.5.1/include  -D_XOPEN_SOURCE -D_DARWIN_C_SOURCE -D_DARWIN_UNLIMITED_SELECT -D_REENTRANT   -O3 -ggdb3 -Wall -Wextra -Wno-unused-parameter -Wno-parentheses -Wno-long-long -Wno-missing-field-initializers -Wno-tautological-compare -Wno-parentheses-equality -Wno-constant-logical-operand -Wno-self-assign -Wunused-variable -Wimplicit-int -Wpointer-arith -Wwrite-strings -Wdeclaration-after-statement -Wshorten-64-to-32 -Wimplicit-function-declaration -Wdivision-by-zero -Wdeprecated-declarations -Wextra-tokens  -fno-common -pipe  conftest.c -o conftest.i"
conftest.c:3:10: fatal error: 'vm_core.h' file not found
#include <vm_core.h>
         ^~~~~~~~~~~
1 error generated.
checked program was:
/* begin */
1: #include "ruby.h"
2: 
3: #include <vm_core.h>
/* end */

--------------------

have_header: checking for vm_core.h... -------------------- no

"clang -E -I/Users/taniguchitakayasu/.rbenv/versions/2.5.1/include/ruby-2.5.0/x86_64-darwin19 -I/Users/taniguchitakayasu/.rbenv/versions/2.5.1/include/ruby-2.5.0/ruby/backward -I/Users/taniguchitakayasu/.rbenv/versions/2.5.1/include/ruby-2.5.0 -I. -I/Users/taniguchitakayasu/.rbenv/versions/2.5.1/include/ruby-2.5.0/ruby-2.5.1-p57 -O3 -ggdb3 -Wall -Wextra -Wno-unused-parameter -Wno-parentheses -Wno-long-long -Wno-missing-field-initializers -Wno-tautological-compare -Wno-parentheses-equality -Wno-constant-logical-operand -Wno-self-assign -Wunused-variable -Wimplicit-int -Wpointer-arith -Wwrite-strings -Wdeclaration-after-statement -Wshorten-64-to-32 -Wimplicit-function-declaration -Wdivision-by-zero -Wdeprecated-declarations -Wextra-tokens  -fno-common -pipe  conftest.c -o conftest.i"
conftest.c:3:10: fatal error: 'vm_core.h' file not found
#include <vm_core.h>
         ^~~~~~~~~~~
1 error generated.
checked program was:
/* begin */
1: #include "ruby.h"
2: 
3: #include <vm_core.h>
/* end */

--------------------

have_header: checking for vm_core.h... -------------------- yes

"clang -E -I/Users/taniguchitakayasu/.rbenv/versions/2.5.1/include/ruby-2.5.0/x86_64-darwin19 -I/Users/taniguchitakayasu/.rbenv/versions/2.5.1/include/ruby-2.5.0/ruby/backward -I/Users/taniguchitakayasu/.rbenv/versions/2.5.1/include/ruby-2.5.0 -I. -I/Users/taniguchitakayasu/Desktop/projects/dq_like_app/vendor/bundle/ruby/2.5.0/gems/debase-ruby_core_source-0.10.9/lib/debase/ruby_core_source/ruby-2.5.1-p57 -O3 -ggdb3 -Wall -Wextra -Wno-unused-parameter -Wno-parentheses -Wno-long-long -Wno-missing-field-initializers -Wno-tautological-compare -Wno-parentheses-equality -Wno-constant-logical-operand -Wno-self-assign -Wunused-variable -Wimplicit-int -Wpointer-arith -Wwrite-strings -Wdeclaration-after-statement -Wshorten-64-to-32 -Wimplicit-function-declaration -Wdivision-by-zero -Wdeprecated-declarations -Wextra-tokens  -fno-common -pipe  conftest.c -o conftest.i"
checked program was:
/* begin */
1: #include "ruby.h"
2: 
3: #include <vm_core.h>
/* end */

--------------------

have_header: checking for iseq.h... -------------------- yes

"clang -E -I/Users/taniguchitakayasu/.rbenv/versions/2.5.1/include/ruby-2.5.0/x86_64-darwin19 -I/Users/taniguchitakayasu/.rbenv/versions/2.5.1/include/ruby-2.5.0/ruby/backward -I/Users/taniguchitakayasu/.rbenv/versions/2.5.1/include/ruby-2.5.0 -I. -I/Users/taniguchitakayasu/Desktop/projects/dq_like_app/vendor/bundle/ruby/2.5.0/gems/debase-ruby_core_source-0.10.9/lib/debase/ruby_core_source/ruby-2.5.1-p57 -O3 -ggdb3 -Wall -Wextra -Wno-unused-parameter -Wno-parentheses -Wno-long-long -Wno-missing-field-initializers -Wno-tautological-compare -Wno-parentheses-equality -Wno-constant-logical-operand -Wno-self-assign -Wunused-variable -Wimplicit-int -Wpointer-arith -Wwrite-strings -Wdeclaration-after-statement -Wshorten-64-to-32 -Wimplicit-function-declaration -Wdivision-by-zero -Wdeprecated-declarations -Wextra-tokens  -fno-common -pipe  conftest.c -o conftest.i"
checked program was:
/* begin */
1: #include "ruby.h"
2: 
3: #include <iseq.h>
/* end */

--------------------

have_header: checking for version.h... -------------------- yes

"clang -E -I/Users/taniguchitakayasu/.rbenv/versions/2.5.1/include/ruby-2.5.0/x86_64-darwin19 -I/Users/taniguchitakayasu/.rbenv/versions/2.5.1/include/ruby-2.5.0/ruby/backward -I/Users/taniguchitakayasu/.rbenv/versions/2.5.1/include/ruby-2.5.0 -I. -I/Users/taniguchitakayasu/Desktop/projects/dq_like_app/vendor/bundle/ruby/2.5.0/gems/debase-ruby_core_source-0.10.9/lib/debase/ruby_core_source/ruby-2.5.1-p57 -O3 -ggdb3 -Wall -Wextra -Wno-unused-parameter -Wno-parentheses -Wno-long-long -Wno-missing-field-initializers -Wno-tautological-compare -Wno-parentheses-equality -Wno-constant-logical-operand -Wno-self-assign -Wunused-variable -Wimplicit-int -Wpointer-arith -Wwrite-strings -Wdeclaration-after-statement -Wshorten-64-to-32 -Wimplicit-function-declaration -Wdivision-by-zero -Wdeprecated-declarations -Wextra-tokens  -fno-common -pipe  conftest.c -o conftest.i"
checked program was:
/* begin */
1: #include "ruby.h"
2: 
3: #include <version.h>
/* end */

--------------------

have_header: checking for vm_core.h... -------------------- yes

"clang -E -I/Users/taniguchitakayasu/.rbenv/versions/2.5.1/include/ruby-2.5.0/x86_64-darwin19 -I/Users/taniguchitakayasu/.rbenv/versions/2.5.1/include/ruby-2.5.0/ruby/backward -I/Users/taniguchitakayasu/.rbenv/versions/2.5.1/include/ruby-2.5.0 -I. -I/Users/taniguchitakayasu/Desktop/projects/dq_like_app/vendor/bundle/ruby/2.5.0/gems/debase-ruby_core_source-0.10.9/lib/debase/ruby_core_source/ruby-2.5.1-p57 -O3 -ggdb3 -Wall -Wextra -Wno-unused-parameter -Wno-parentheses -Wno-long-long -Wno-missing-field-initializers -Wno-tautological-compare -Wno-parentheses-equality -Wno-constant-logical-operand -Wno-self-assign -Wunused-variable -Wimplicit-int -Wpointer-arith -Wwrite-strings -Wdeclaration-after-statement -Wshorten-64-to-32 -Wimplicit-function-declaration -Wdivision-by-zero -Wdeprecated-declarations -Wextra-tokens  -fno-common -pipe  conftest.c -o conftest.i"
checked program was:
/* begin */
1: #include "ruby.h"
2: 
3: #include <vm_core.h>
/* end */

--------------------

have_header: checking for vm_insnhelper.h... -------------------- yes

"clang -E -I/Users/taniguchitakayasu/.rbenv/versions/2.5.1/include/ruby-2.5.0/x86_64-darwin19 -I/Users/taniguchitakayasu/.rbenv/versions/2.5.1/include/ruby-2.5.0/ruby/backward -I/Users/taniguchitakayasu/.rbenv/versions/2.5.1/include/ruby-2.5.0 -I. -I/Users/taniguchitakayasu/Desktop/projects/dq_like_app/vendor/bundle/ruby/2.5.0/gems/debase-ruby_core_source-0.10.9/lib/debase/ruby_core_source/ruby-2.5.1-p57 -O3 -ggdb3 -Wall -Wextra -Wno-unused-parameter -Wno-parentheses -Wno-long-long -Wno-missing-field-initializers -Wno-tautological-compare -Wno-parentheses-equality -Wno-constant-logical-operand -Wno-self-assign -Wunused-variable -Wimplicit-int -Wpointer-arith -Wwrite-strings -Wdeclaration-after-statement -Wshorten-64-to-32 -Wimplicit-function-declaration -Wdivision-by-zero -Wdeprecated-declarations -Wextra-tokens  -fno-common -pipe  conftest.c -o conftest.i"
checked program was:
/* begin */
1: #include "ruby.h"
2: 
3: #include <vm_insnhelper.h>
/* end */

--------------------

have_header: checking for vm_core.h... -------------------- yes

"clang -E -I/Users/taniguchitakayasu/.rbenv/versions/2.5.1/include/ruby-2.5.0/x86_64-darwin19 -I/Users/taniguchitakayasu/.rbenv/versions/2.5.1/include/ruby-2.5.0/ruby/backward -I/Users/taniguchitakayasu/.rbenv/versions/2.5.1/include/ruby-2.5.0 -I. -I/Users/taniguchitakayasu/Desktop/projects/dq_like_app/vendor/bundle/ruby/2.5.0/gems/debase-ruby_core_source-0.10.9/lib/debase/ruby_core_source/ruby-2.5.1-p57 -O3 -ggdb3 -Wall -Wextra -Wno-unused-parameter -Wno-parentheses -Wno-long-long -Wno-missing-field-initializers -Wno-tautological-compare -Wno-parentheses-equality -Wno-constant-logical-operand -Wno-self-assign -Wunused-variable -Wimplicit-int -Wpointer-arith -Wwrite-strings -Wdeclaration-after-statement -Wshorten-64-to-32 -Wimplicit-function-declaration -Wdivision-by-zero -Wdeprecated-declarations -Wextra-tokens  -fno-common -pipe  conftest.c -o conftest.i"
checked program was:
/* begin */
1: #include "ruby.h"
2: 
3: #include <vm_core.h>
/* end */

--------------------

have_header: checking for method.h... -------------------- yes

"clang -E -I/Users/taniguchitakayasu/.rbenv/versions/2.5.1/include/ruby-2.5.0/x86_64-darwin19 -I/Users/taniguchitakayasu/.rbenv/versions/2.5.1/include/ruby-2.5.0/ruby/backward -I/Users/taniguchitakayasu/.rbenv/versions/2.5.1/include/ruby-2.5.0 -I. -I/Users/taniguchitakayasu/Desktop/projects/dq_like_app/vendor/bundle/ruby/2.5.0/gems/debase-ruby_core_source-0.10.9/lib/debase/ruby_core_source/ruby-2.5.1-p57 -O3 -ggdb3 -Wall -Wextra -Wno-unused-parameter -Wno-parentheses -Wno-long-long -Wno-missing-field-initializers -Wno-tautological-compare -Wno-parentheses-equality -Wno-constant-logical-operand -Wno-self-assign -Wunused-variable -Wimplicit-int -Wpointer-arith -Wwrite-strings -Wdeclaration-after-statement -Wshorten-64-to-32 -Wimplicit-function-declaration -Wdivision-by-zero -Wdeprecated-declarations -Wextra-tokens  -fno-common -pipe  conftest.c -o conftest.i"
checked program was:
/* begin */
1: #include "ruby.h"
2: 
3: #include <method.h>
/* end */

--------------------

